step
vertexstep
vertexstep
vertexstep
transferrin true
vertexstep
vertexstep
vertexstep
vertexstep
vertexstep
vertexstep
vertexstep
vertexstep
vertexstep
vertexstep
vertexstep
vertexstep
vertexstep
vertexstep
vertexstep
vertexstep
vertexstep
vertexstep
vertexstep
transferrin true
vertexstep
vertexstep
vertexstep
vertexstep
vertexstep
vertexstep
vertexstep
vertexstep
vertexstep
vertexstep
vertexstep
vertexstep
vertexstep
vertexstep
vertexstep
vertexstep
transferrin true
vertexstep
vertexstep
vertexstep
transferrin true
vertexstep
vertexstep
transferrin true
vertexstep
vertexstep
vertexstep
vertexstep
vertexstep
vertexstep
vertexstep
vertexstep
vertexstep
vertexstep
vertexstep
vertexstep
vertexstep
vertexstep
vertexstep
vertexstep
vertexstep
vertexstep
vertexstep
vertexstep
vertexstep
vertexstep
vertexstep
vertexstep
vertexstep
vertexstep
vertexstep
vertexstep
vertexstep
vertexstep
vertexstep
vertexstep
vertexstep
transferrin true
vertexstep
vertexstep
fail
vertexstep
vertexstep
vertexstep
vertexstep
vertexstep
vertexstep
vertexstep
vertexstep
fail
transferrin true
vertexstep
vertexstep
vertexstep
transferrin true
vertexstep
vertexstep
vertexstep
vertexstep
vertexstep
vertexstep
vertexstep
vertexstep
vertexstep
transferrin true
transferrin true
vertexstep
vertexstep
vertexstep
vertexstep
vertexstep
vertexstep
vertexstep
vertexstep
vertexstep
vertexstep
transferrin true
vertexstep
fail
vertexstep
vertexstep
vertexstep
vertexstep
vertexstep
vertexstep
vertexstep
vertexstep
transferrin true
vertexstep
vertexstep
vertexstep
vertexstep
vertexstep
vertexstep
vertexstep
transferrin true
vertexstep
vertexstep
vertexstep
vertexstep
vertexstep
vertexstep
transferrin true
transferrin true
vertexstep
vertexstep
vertexstep
vertexstep
transferrin true
vertexstep
vertexstep
vertexstep
vertexstep
vertexstep
vertexstep
vertexstep
vertexstep
transferrin true
vertexstep
transferrin true
vertexstep
vertexstep
vertexstep
vertexstep
transferrin true
vertexstep
vertexstep
vertexstep
transferrin true
vertexstep
fail
vertexstep
vertexstep
vertexstep
vertexstep
transferrin true
vertexstep
vertexstep
vertexstep
transferrin true
fail
transferrin true
vertexstep
vertexstep
vertexstep
vertexstep
vertexstep
vertexstep
vertexstep
vertexstep
transferrin true
vertexstep
vertexstep
vertexstep
transferrin true
vertexstep
vertexstep
vertexstep
vertexstep
vertexstep
transferrin true
vertexstep
vertexstep
vertexstep
vertexstep
vertexstep
vertexstep
vertexstep
vertexstep
vertexstep
transferrin true
vertexstep
vertexstep
transferrin true
vertexstep
vertexstep
vertexstep
vertexstep
transferrin true
vertexstep
transferrin true
vertexstep
vertexstep
vertexstep
vertexstep
vertexstep
vertexstep
vertexstep
vertexstep
transferrin true
transferrin true
vertexstep
vertexstep
vertexstep
vertexstep
fail
vertexstep
vertexstep
vertexstep
fail
transferrin true
vertexstep
vertexstep
vertexstep
vertexstep
transferrin true
vertexstep
vertexstep
vertexstep
vertexstep
vertexstep
vertexstep
transferrin true
vertexstep
vertexstep
transferrin true
vertexstep
transferrin true
transferrin true
vertexstep
transferrin true
vertexstep
vertexstep
vertexstep
vertexstep
vertexstep
vertexstep
vertexstep
transferrin true
vertexstep
vertexstep
vertexstep
vertexstep
vertexstep
transferrin true
transferrin true
transferrin true
vertexstep
vertexstep
transferrin true
transferrin true
fail
vertexstep
fail
transferrin true
vertexstep
vertexstep
vertexstep
vertexstep
fail
vertexstep
fail
vertexstep
fail
transferrin true
vertexstep
fail
vertexstep
vertexstep
vertexstep
vertexstep
vertexstep
transferrin true
transferrin true
vertexstep
fail
vertexstep
vertexstep
vertexstep
vertexstep
vertexstep
transferrin true
fail
transferrin true
transferrin true
vertexstep
vertexstep
transferrin true
vertexstep
vertexstep
fail
transferrin true
vertexstep
fail
transferrin true
vertexstep
transferrin true
vertexstep
transferrin true
vertexstep
vertexstep
transferrin true
transferrin true
vertexstep
fail
transferrin true
vertexstep
vertexstep
transferrin true
vertexstep
vertexstep
transferrin true
transferrin true
vertexstep
vertexstep
vertexstep
vertexstep
transferrin true
transferrin true
vertexstep
vertexstep
fail
vertexstep
vertexstep
vertexstep
vertexstep
vertexstep
transferrin true
fail
transferrin true
vertexstep
vertexstep
vertexstep
transferrin true
vertexstep
vertexstep
transferrin true
transferrin true
transferrin true
vertexstep
vertexstep
vertexstep
vertexstep
fail
vertexstep
fail
fail
fail
transferrin true
vertexstep
vertexstep
vertexstep
transferrin true
vertexstep
fail
vertexstep
transferrin true
all nodes infected
0	1
1	1
2	1
3	1
4	1
5	1
6	1
7	1
8	1
9	1
10	1
11	1
12	1
13	1
14	1
15	1
16	1
17	1
18	1
19	1
20	2
21	2
22	2
23	2
24	2
25	2
26	2
27	2
28	2
29	2
30	2
31	2
32	2
33	2
34	2
35	2
36	2
37	2
38	2
39	2
40	2
41	2
42	2
43	2
44	2
45	2
46	2
47	2
48	2
49	2
50	2
51	2
52	2
53	2
54	2
55	2
56	2
57	2
58	2
59	2
60	2
61	2
62	2
63	2
64	2
65	2
66	2
67	2
68	2
69	2
70	2
71	2
72	2
73	2
74	2
75	2
76	2
77	2
78	2
79	2
80	2
81	2
82	2
83	2
84	2
85	2
86	2
87	2
88	2
89	2
90	2
91	2
92	2
93	2
94	2
95	2
96	2
97	2
98	2
99	2
100	2
101	2
102	2
103	2
104	2
105	2
106	2
107	2
108	2
109	2
110	2
111	2
112	2
113	2
114	3
115	3
116	3
117	3
118	3
119	3
120	3
121	3
122	3
123	3
124	3
125	3
126	3
127	3
128	3
129	3
130	3
131	3
132	3
133	3
134	3
135	3
136	3
137	3
138	3
139	3
140	3
141	3
142	3
143	3
144	3
145	3
146	3
147	3
148	3
149	3
150	3
151	3
152	3
153	3
154	3
155	3
156	3
157	3
158	3
159	3
160	3
161	3
162	3
163	3
164	3
165	3
166	3
167	3
168	3
169	4
170	4
171	4
172	4
173	5
174	5
175	5
176	5
177	5
178	5
179	5
180	5
181	5
182	5
183	5
184	5
185	5
186	5
187	5
188	5
189	5
190	5
191	5
192	5
193	5
194	5
195	5
196	5
197	5
198	5
199	5
200	5
201	5
202	5
203	5
204	5
205	5
206	5
207	5
208	5
209	5
210	5
211	5
212	5
213	5
214	5
215	5
216	5
217	5
218	5
219	5
220	5
221	5
222	5
223	5
224	5
225	5
226	5
227	5
228	5
229	5
230	5
231	5
232	5
233	5
234	5
235	5
236	5
237	5
238	5
239	5
240	5
241	5
242	5
243	5
244	5
245	5
246	5
247	5
248	5
249	5
250	5
251	5
252	5
253	5
254	5
255	5
256	5
257	5
258	5
259	5
260	5
261	5
262	6
263	6
264	6
265	6
266	6
267	6
268	6
269	6
270	6
271	6
272	6
273	6
274	6
275	6
276	6
277	6
278	6
279	6
280	6
281	6
282	6
283	6
284	6
285	6
286	6
287	6
288	6
289	6
290	6
291	6
292	6
293	6
294	6
295	6
296	6
297	6
298	6
299	6
300	6
301	6
302	6
303	6
304	6
305	6
306	6
307	6
308	6
309	6
310	6
311	6
312	6
313	6
314	6
315	6
316	6
317	6
318	6
319	6
320	6
321	6
322	6
323	7
324	7
325	7
326	7
327	7
328	7
329	7
330	7
331	7
332	8
333	8
334	8
335	8
336	8
337	8
338	8
339	8
340	8
341	8
342	8
343	8
344	8
345	8
346	8
347	8
348	8
349	8
350	8
351	8
352	8
353	8
354	8
355	8
356	8
357	8
358	8
359	8
360	8
361	8
362	8
363	8
364	8
365	8
366	8
367	8
368	8
369	8
370	8
371	8
372	8
373	8
374	8
375	8
376	8
377	8
378	8
379	8
380	8
381	8
382	8
383	8
384	8
385	9
386	9
387	9
388	9
389	9
390	9
391	9
392	9
393	9
394	9
395	9
396	9
397	9
398	9
399	9
400	9
401	9
402	9
403	9
404	9
405	9
406	9
407	9
408	9
409	9
410	9
411	9
412	9
413	9
414	9
415	9
416	9
417	9
418	9
419	9
420	9
421	9
422	9
423	9
424	9
425	9
426	9
427	9
428	9
429	9
430	9
431	9
432	9
433	9
434	9
435	9
436	9
437	9
438	9
439	9
440	9
441	9
442	9
443	9
444	9
445	9
446	9
447	9
448	9
449	9
450	9
451	9
452	9
453	9
454	9
455	9
456	9
457	9
458	9
459	9
460	9
461	9
462	9
463	9
464	9
465	9
466	9
467	9
468	9
469	9
470	9
471	9
472	9
473	9
474	9
475	9
476	9
477	9
478	9
479	9
480	9
481	9
482	9
483	9
484	9
485	9
486	9
487	9
488	9
489	9
490	9
491	9
492	9
493	9
494	9
495	9
496	9
497	9
498	9
499	9
500	9
501	9
502	9
503	9
504	9
505	9
506	9
507	9
508	9
509	9
510	9
511	9
512	9
513	9
514	9
515	9
516	9
517	9
518	9
519	9
520	9
521	9
522	9
523	9
524	9
525	9
526	9
527	9
528	9
529	9
530	9
531	9
532	9
533	9
534	9
535	9
536	9
537	9
538	9
539	9
540	9
541	9
542	9
543	9
544	9
545	9
546	9
547	9
548	9
549	9
550	9
551	9
552	9
553	9
554	9
555	9
556	9
557	9
558	9
559	9
560	9
561	9
562	9
563	9
564	9
565	9
566	9
567	9
568	10
